TN:
SF:src\determinant.ts
FN:3,determinant
FNF:1
FNH:1
FNDA:2,determinant
DA:3,1
DA:4,2
DA:5,2
DA:6,2
DA:7,2
DA:8,2
LF:6
LH:6
BRF:0
BRH:0
end_of_record
TN:
SF:src\eigenvalues.ts
FN:5,eigenvalues
FNF:1
FNH:1
FNDA:1,eigenvalues
DA:1,1
DA:2,1
DA:5,1
DA:6,1
DA:7,1
DA:8,1
DA:9,1
DA:10,1
DA:11,1
LF:9
LH:9
BRF:0
BRH:0
end_of_record
TN:
SF:src\index.ts
FN:1,(anonymous_0)
FN:2,(anonymous_1)
FN:3,(anonymous_2)
FNF:3
FNH:3
FNDA:1,(anonymous_0)
FNDA:1,(anonymous_1)
FNDA:1,(anonymous_2)
DA:1,2
DA:2,2
DA:3,2
LF:3
LH:3
BRF:0
BRH:0
end_of_record
TN:
SF:src\mean.ts
FN:3,mean
FNF:1
FNH:1
FNDA:2,mean
DA:3,1
DA:4,2
DA:5,2
DA:6,2
LF:4
LH:4
BRF:0
BRH:0
end_of_record
